Detected 8425 points with num results 100
Detected 10000000 points with dimension 256
Detected 8425 points with dimension 256
Building with 100top level clusters,100sub level clusters
Calculating clusters
KMeans run on: 20000 many points to obtain: 100 many clusters.
Beginning iteration 0...
Round 0, number of assignment changes: 6374
Beginning iteration 1...
Round 1, number of assignment changes: 3709
Beginning iteration 2...
Round 2, number of assignment changes: 2512
Beginning iteration 3...
Round 3, number of assignment changes: 1917
Beginning iteration 4...
Round 4, number of assignment changes: 1457
Beginning iteration 5...
Round 5, number of assignment changes: 1152
Beginning iteration 6...
Round 6, number of assignment changes: 879
Beginning iteration 7...
Round 7, number of assignment changes: 730
Beginning iteration 8...
Round 8, number of assignment changes: 624
Beginning iteration 9...
Round 9, number of assignment changes: 474
Beginning iteration 10...
Round 10, number of assignment changes: 444
Beginning iteration 11...
Round 11, number of assignment changes: 396
Beginning iteration 12...
Round 12, number of assignment changes: 346
Beginning iteration 13...
Round 13, number of assignment changes: 280
Beginning iteration 14...
Round 14, number of assignment changes: 240
Beginning iteration 15...
Round 15, number of assignment changes: 200
Beginning iteration 16...
Round 16, number of assignment changes: 197
Beginning iteration 17...
Round 17, number of assignment changes: 196
Beginning iteration 18...
Round 18, number of assignment changes: 206
Beginning iteration 19...
Round 19, number of assignment changes: 176
KMeansClustering Time: 20.6166
ClusterStats: num_points: 10000000 num_clusters: 100 Min: 1 Max: 166401 Avg: 100000
KMeans run on: 0 many points to obtain: 100 many clusters.
