Detected 19205 points with num results 100
Detected 10000000 points with dimension 256
Detected 8425 points with dimension 256
Building with 320top level clusters,320sub level clusters
Calculating clusters
KMeans run on: 20000 many points to obtain: 320 many clusters.
Beginning iteration 0...
Round 0, number of assignment changes: 7557
Beginning iteration 1...
Round 1, number of assignment changes: 3404
Beginning iteration 2...
Round 2, number of assignment changes: 1802
Beginning iteration 3...
Round 3, number of assignment changes: 1119
Beginning iteration 4...
Round 4, number of assignment changes: 826
Beginning iteration 5...
Round 5, number of assignment changes: 624
Beginning iteration 6...
Round 6, number of assignment changes: 512
Beginning iteration 7...
Round 7, number of assignment changes: 377
Beginning iteration 8...
Round 8, number of assignment changes: 305
Beginning iteration 9...
Round 9, number of assignment changes: 276
Beginning iteration 10...
Round 10, number of assignment changes: 212
Beginning iteration 11...
Round 11, number of assignment changes: 200
Beginning iteration 12...
Round 12, number of assignment changes: 174
Beginning iteration 13...
Round 13, number of assignment changes: 144
Beginning iteration 14...
Round 14, number of assignment changes: 137
Beginning iteration 15...
Round 15, number of assignment changes: 99
Beginning iteration 16...
Round 16, number of assignment changes: 80
Beginning iteration 17...
Round 17, number of assignment changes: 52
Beginning iteration 18...
Round 18, number of assignment changes: 47
Beginning iteration 19...
Round 19, number of assignment changes: 42
KMeansClustering Time: 19.1975
ClusterStats: num_points: 10000000 num_clusters: 320 Min: 0 Max: 101812 Avg: 31250
KMeans run on: 0 many points to obtain: 320 many clusters.
terminate called after throwing an instance of 'std::runtime_error'
  what():  HCNNGClusterer::cluster: active_indices.size() == 0
