Detected 100000 points with num results 100
Detected 1000000 points with dimension 200
Aligning dimension to 208
Detected 10000 points with dimension 200
Aligning dimension to 208
Building with 1000 clusters
Calculating clusters
KMeans run on: 200000 many points to obtain: 1000 many clusters.
HCNNG clusterer size:8497n_clusters: 1000
init centroid:
Beginning iteration 0...
Round 0, number of assignment changes: 249515
Beginning iteration 1...
Round 1, number of assignment changes: 166733
Beginning iteration 2...
Round 2, number of assignment changes: 65137
Beginning iteration 3...
Round 3, number of assignment changes: 49121
Beginning iteration 4...
Round 4, number of assignment changes: 23053
Beginning iteration 5...
Round 5, number of assignment changes: 23626
Beginning iteration 6...
Round 6, number of assignment changes: 12977
Beginning iteration 7...
Round 7, number of assignment changes: 16958
Beginning iteration 8...
Round 8, number of assignment changes: 9369
Beginning iteration 9...
Round 9, number of assignment changes: 14013
Beginning iteration 10...
Round 10, number of assignment changes: 7425
Beginning iteration 11...
Round 11, number of assignment changes: 12235
Beginning iteration 12...
Round 12, number of assignment changes: 6353
Beginning iteration 13...
Round 13, number of assignment changes: 11229
Beginning iteration 14...
Round 14, number of assignment changes: 5524
Beginning iteration 15...
Round 15, number of assignment changes: 10417
Beginning iteration 16...
Round 16, number of assignment changes: 4956
Beginning iteration 17...
Round 17, number of assignment changes: 9919
Beginning iteration 18...
Round 18, number of assignment changes: 4511
Beginning iteration 19...
Round 19, number of assignment changes: 9440
Beginning iteration 20...
Round 20, number of assignment changes: 4296
Beginning iteration 21...
Round 21, number of assignment changes: 9068
Beginning iteration 22...
Round 22, number of assignment changes: 3984
Beginning iteration 23...
Round 23, number of assignment changes: 8801
Beginning iteration 24...
Round 24, number of assignment changes: 3757
Beginning iteration 25...
Round 25, number of assignment changes: 8480
Beginning iteration 26...
Round 26, number of assignment changes: 3488
Beginning iteration 27...
Round 27, number of assignment changes: 8198
Beginning iteration 28...
Round 28, number of assignment changes: 3355
Beginning iteration 29...
Round 29, number of assignment changes: 8050
Beginning iteration 30...
Round 30, number of assignment changes: 2917
Beginning iteration 31...
Round 31, number of assignment changes: 6892
Beginning iteration 32...
Round 32, number of assignment changes: 2614
Beginning iteration 33...
Round 33, number of assignment changes: 5911
Beginning iteration 34...
Round 34, number of assignment changes: 2299
Beginning iteration 35...
Round 35, number of assignment changes: 5154
Beginning iteration 36...
Round 36, number of assignment changes: 2043
Beginning iteration 37...
Round 37, number of assignment changes: 4810
Beginning iteration 38...
Round 38, number of assignment changes: 1879
Beginning iteration 39...
Round 39, number of assignment changes: 4668
Beginning iteration 40...
Round 40, number of assignment changes: 1823
Beginning iteration 41...
Round 41, number of assignment changes: 4662
Beginning iteration 42...
Round 42, number of assignment changes: 1798
Beginning iteration 43...
Round 43, number of assignment changes: 4609
Beginning iteration 44...
Round 44, number of assignment changes: 1785
Beginning iteration 45...
Round 45, number of assignment changes: 4581
Beginning iteration 46...
Round 46, number of assignment changes: 1749
Beginning iteration 47...
Round 47, number of assignment changes: 4546
Beginning iteration 48...
Round 48, number of assignment changes: 1680
Beginning iteration 49...
Round 49, number of assignment changes: 4469
Beginning iteration 50...
Round 50, number of assignment changes: 1712
Beginning iteration 51...
Round 51, number of assignment changes: 4484
Beginning iteration 52...
Round 52, number of assignment changes: 1712
Beginning iteration 53...
Round 53, number of assignment changes: 4434
Beginning iteration 54...
Round 54, number of assignment changes: 1639
Beginning iteration 55...
Round 55, number of assignment changes: 4364
Beginning iteration 56...
Round 56, number of assignment changes: 1591
Beginning iteration 57...
Round 57, number of assignment changes: 4347
Beginning iteration 58...
Round 58, number of assignment changes: 1597
Beginning iteration 59...
Round 59, number of assignment changes: 4316
Beginning iteration 60...
Round 60, number of assignment changes: 1563
Beginning iteration 61...
Round 61, number of assignment changes: 4310
Beginning iteration 62...
Round 62, number of assignment changes: 1544
Beginning iteration 63...
Round 63, number of assignment changes: 4229
Beginning iteration 64...
Round 64, number of assignment changes: 1507
Beginning iteration 65...
Round 65, number of assignment changes: 4207
Beginning iteration 66...
Round 66, number of assignment changes: 1506
Beginning iteration 67...
Round 67, number of assignment changes: 4229
Beginning iteration 68...
Round 68, number of assignment changes: 1510
Beginning iteration 69...
Round 69, number of assignment changes: 4233
Beginning iteration 70...
Round 70, number of assignment changes: 1512
Beginning iteration 71...
Round 71, number of assignment changes: 4259
Beginning iteration 72...
Round 72, number of assignment changes: 1507
Beginning iteration 73...
Round 73, number of assignment changes: 4215
Beginning iteration 74...
Round 74, number of assignment changes: 1491
Beginning iteration 75...
Round 75, number of assignment changes: 4206
Beginning iteration 76...
Round 76, number of assignment changes: 1474
Beginning iteration 77...
Round 77, number of assignment changes: 4183
Beginning iteration 78...
Round 78, number of assignment changes: 1506
Beginning iteration 79...
Round 79, number of assignment changes: 4182
Beginning iteration 80...
Round 80, number of assignment changes: 1489
Beginning iteration 81...
Round 81, number of assignment changes: 4169
Beginning iteration 82...
Round 82, number of assignment changes: 1442
Beginning iteration 83...
Round 83, number of assignment changes: 4112
Beginning iteration 84...
Round 84, number of assignment changes: 1408
Beginning iteration 85...
Round 85, number of assignment changes: 4088
Beginning iteration 86...
Round 86, number of assignment changes: 1392
Beginning iteration 87...
Round 87, number of assignment changes: 4090
Beginning iteration 88...
Round 88, number of assignment changes: 1373
Beginning iteration 89...
Round 89, number of assignment changes: 4046
Beginning iteration 90...
Round 90, number of assignment changes: 1341
Beginning iteration 91...
Round 91, number of assignment changes: 4028
Beginning iteration 92...
Round 92, number of assignment changes: 1345
Beginning iteration 93...
Round 93, number of assignment changes: 4022
Beginning iteration 94...
Round 94, number of assignment changes: 1339
Beginning iteration 95...
Round 95, number of assignment changes: 4036
Beginning iteration 96...
Round 96, number of assignment changes: 1348
Beginning iteration 97...
Round 97, number of assignment changes: 4036
Beginning iteration 98...
Round 98, number of assignment changes: 1347
Beginning iteration 99...
Round 99, number of assignment changes: 4034
KMeansClustering Time: 33.2953
ClusterStats: num_points: 1000000 num_clusters: 1000 Min: 0 Max: 16290 Avg: 1000
Calculating centroids
Building graph...
Pass 10% complete
Pass 20% complete
Pass 30% complete
Pass 40% complete
Pass 50% complete
Pass 60% complete
Pass 70% complete
Pass 80% complete
Pass 90% complete
Pass 100% complete
beam search time: total: 0.0519
bidirect time: total: 0.0049
prune time: total: 0.0251
After build: 25.37, 32
Found 1000 centroids
Index built in 33.98 s

Saving index...
Done saving
Parlay time: 34.7219
