Detected 19205 points with num results 100
Detected 10000000 points with dimension 256
Detected 8425 points with dimension 256
Building with 1000top level clusters,100sub level clusters
Calculating clusters
KMeans run on: 20000 many points to obtain: 1000 many clusters.
Beginning iteration 0...
Round 0, number of assignment changes: 3410
Beginning iteration 1...
Round 1, number of assignment changes: 1181
Beginning iteration 2...
Round 2, number of assignment changes: 548
Beginning iteration 3...
Round 3, number of assignment changes: 325
Beginning iteration 4...
Round 4, number of assignment changes: 164
Beginning iteration 5...
Round 5, number of assignment changes: 105
Beginning iteration 6...
Round 6, number of assignment changes: 56
Beginning iteration 7...
Round 7, number of assignment changes: 32
Beginning iteration 8...
Round 8, number of assignment changes: 25
Beginning iteration 9...
Round 9, number of assignment changes: 22
Beginning iteration 10...
Round 10, number of assignment changes: 14
Beginning iteration 11...
Round 11, number of assignment changes: 9
Beginning iteration 12...
Round 12, number of assignment changes: 8
Beginning iteration 13...
Round 13, number of assignment changes: 8
Beginning iteration 14...
Round 14, number of assignment changes: 7
Beginning iteration 15...
Round 15, number of assignment changes: 0
KMeansClustering Time: 28.4608
ClusterStats: num_points: 10000000 num_clusters: 1000 Min: 0 Max: 100663 Avg: 10000
KMeans run on: 974 many points to obtain: 100 many clusters.
Beginning iteration 0...
Round 0, number of assignment changes: 79
Beginning iteration 1...
Round 1, number of assignment changes: 24
Beginning iteration 2...
Round 2, number of assignment changes: 11
Beginning iteration 3...
Round 3, number of assignment changes: 10
Beginning iteration 4...
Round 4, number of assignment changes: 4
Beginning iteration 5...
Round 5, number of assignment changes: 3
Beginning iteration 6...
Round 6, number of assignment changes: 1
Beginning iteration 7...
Round 7, number of assignment changes: 1
Beginning iteration 8...
Round 8, number of assignment changes: 0
KMeansClustering Time: 0.085448
ClusterStats: num_points: 4871 num_clusters: 100 Min: 0 Max: 382 Avg: 48
KMeans run on: 343 many points to obtain: 100 many clusters.
Beginning iteration 0...
Round 0, number of assignment changes: 0
KMeansClustering Time: 0.091406
ClusterStats: num_points: 1718 num_clusters: 100 Min: 0 Max: 169 Avg: 17
KMeans run on: 4131 many points to obtain: 100 many clusters.
Beginning iteration 0...
Round 0, number of assignment changes: 804
Beginning iteration 1...
Round 1, number of assignment changes: 459
Beginning iteration 2...
Round 2, number of assignment changes: 197
Beginning iteration 3...
Round 3, number of assignment changes: 102
Beginning iteration 4...
Round 4, number of assignment changes: 64
Beginning iteration 5...
Round 5, number of assignment changes: 46
Beginning iteration 6...
Round 6, number of assignment changes: 38
Beginning iteration 7...
Round 7, number of assignment changes: 24
Beginning iteration 8...
Round 8, number of assignment changes: 20
Beginning iteration 9...
Round 9, number of assignment changes: 15
Beginning iteration 10...
Round 10, number of assignment changes: 11
Beginning iteration 11...
Round 11, number of assignment changes: 7
Beginning iteration 12...
Round 12, number of assignment changes: 10
Beginning iteration 13...
Round 13, number of assignment changes: 5
Beginning iteration 14...
Round 14, number of assignment changes: 1
Beginning iteration 15...
Round 15, number of assignment changes: 0
KMeansClustering Time: 0.378838
ClusterStats: num_points: 20656 num_clusters: 100 Min: 0 Max: 529 Avg: 206
KMeans run on: 19 many points to obtain: 100 many clusters.
