Detected 10000 points with num matches 15341
Detected 1000000 points with dimension 128
Detected 10000 points with dimension 128
Building graph...
Pass 10% complete
Pass 20% complete
Pass 30% complete
Pass 40% complete
Pass 50% complete
Pass 60% complete
Pass 70% complete
Pass 80% complete
Pass 90% complete
Pass 100% complete
beam search time: total: 4.6239
bidirect time: total: 0.9547
prune time: total: 2.5256
Average visited: 131, Tail visited: 135
Vamana graph built with 1000000 points and parameters R = 64, L = 128
Graph has average degree 48.06 and maximum degree 64
Graph built in 8.414 seconds
For all points: 


Regular range search
251 elements advanced to round two
For Beam: 1, Pointwise Recall = 0.8936, Cumulative Recall = 0.992, QPS = 5.309e+05
212 elements advanced to round two
For Beam: 2, Pointwise Recall = 0.9469, Cumulative Recall = 0.9966, QPS = 8.626e+05
190 elements advanced to round two
For Beam: 3, Pointwise Recall = 0.9616, Cumulative Recall = 0.9974, QPS = 9.35e+05
172 elements advanced to round two
For Beam: 4, Pointwise Recall = 0.974, Cumulative Recall = 0.9984, QPS = 8.422e+05
160 elements advanced to round two
For Beam: 5, Pointwise Recall = 0.975, Cumulative Recall = 0.9983, QPS = 6.658e+05
135 elements advanced to round two
For Beam: 10, Pointwise Recall = 0.9916, Cumulative Recall = 0.9992, QPS = 5.737e+05
103 elements advanced to round two
For Beam: 20, Pointwise Recall = 0.9959, Cumulative Recall = 0.9997, QPS = 6.103e+05
87 elements advanced to round two
For Beam: 30, Pointwise Recall = 0.996, Cumulative Recall = 0.9998, QPS = 5.021e+05
71 elements advanced to round two
For Beam: 40, Pointwise Recall = 0.9995, Cumulative Recall = 0.9998, QPS = 3.133e+05
64 elements advanced to round two
For Beam: 50, Pointwise Recall = 0.9998, Cumulative Recall = 0.9999, QPS = 2.11e+05
45 elements advanced to round two
For Beam: 100, Pointwise Recall = 1, Cumulative Recall = 1, QPS = 1.62e+05
28 elements advanced to round two
For Beam: 200, Pointwise Recall = 1, Cumulative Recall = 1, QPS = 1.228e+05
9 elements advanced to round two
For Beam: 350, Pointwise Recall = 1, Cumulative Recall = 1, QPS = 6.671e+04
3 elements advanced to round two
For Beam: 500, Pointwise Recall = 1, Cumulative Recall = 1, QPS = 3.977e+04
0 elements advanced to round two
For Beam: 1000, Pointwise Recall = 1, Cumulative Recall = 1, QPS = 1.25e+04
Parlay time: 10.0169
