Detected 10000 points with num matches 15341
Detected 1000000 points with dimension 128
Detected 10000 points with dimension 128
Building graph...
Pass 10% complete
Pass 20% complete
Pass 30% complete
Pass 40% complete
Pass 50% complete
Pass 60% complete
Pass 70% complete
Pass 80% complete
Pass 90% complete
Pass 100% complete
beam search time: total: 293.8925
bidirect time: total: 4.6479
prune time: total: 143.6901
Average visited: 131, Tail visited: 135
Vamana graph built with 1000000 points and parameters R = 64, L = 128
Graph has average degree 48.06 and maximum degree 64
Graph built in 455.4 seconds
For all points: 


Regular range search
251 elements advanced to round two
For Beam: 1, Pointwise Recall = 0.8936, Cumulative Recall = 0.992, QPS = 3.635e+04
212 elements advanced to round two
For Beam: 2, Pointwise Recall = 0.9469, Cumulative Recall = 0.9966, QPS = 3.061e+04
190 elements advanced to round two
For Beam: 3, Pointwise Recall = 0.9616, Cumulative Recall = 0.9974, QPS = 2.792e+04
172 elements advanced to round two
For Beam: 4, Pointwise Recall = 0.974, Cumulative Recall = 0.9984, QPS = 2.56e+04
160 elements advanced to round two
For Beam: 5, Pointwise Recall = 0.975, Cumulative Recall = 0.9983, QPS = 2.395e+04
135 elements advanced to round two
For Beam: 10, Pointwise Recall = 0.9916, Cumulative Recall = 0.9992, QPS = 1.856e+04
103 elements advanced to round two
For Beam: 20, Pointwise Recall = 0.9959, Cumulative Recall = 0.9997, QPS = 1.33e+04
87 elements advanced to round two
For Beam: 30, Pointwise Recall = 0.996, Cumulative Recall = 0.9998, QPS = 1.036e+04
71 elements advanced to round two
For Beam: 40, Pointwise Recall = 0.9995, Cumulative Recall = 0.9998, QPS = 8471
64 elements advanced to round two
For Beam: 50, Pointwise Recall = 0.9998, Cumulative Recall = 0.9999, QPS = 7165
45 elements advanced to round two
For Beam: 100, Pointwise Recall = 1, Cumulative Recall = 1, QPS = 4075
28 elements advanced to round two
For Beam: 200, Pointwise Recall = 1, Cumulative Recall = 1, QPS = 2077
9 elements advanced to round two
For Beam: 350, Pointwise Recall = 1, Cumulative Recall = 1, QPS = 1075
3 elements advanced to round two
For Beam: 500, Pointwise Recall = 1, Cumulative Recall = 1, QPS = 668.6
0 elements advanced to round two
For Beam: 1000, Pointwise Recall = 1, Cumulative Recall = 1, QPS = 235.6
Parlay time: 536.0597
