Detected 10000 points with num matches 15341
Detected 1000000 points with dimension 128
Detected 10000 points with dimension 128
Building graph...
Pass 10% complete
Pass 20% complete
Pass 30% complete
Pass 40% complete
Pass 50% complete
Pass 60% complete
Pass 70% complete
Pass 80% complete
Pass 90% complete
Pass 100% complete
beam search time: total: 3.6354
bidirect time: total: 0.6592
prune time: total: 1.9469
Average visited: 131, Tail visited: 135
Vamana graph built with 1000000 points and parameters R = 64, L = 128
Graph has average degree 48.06 and maximum degree 64
Graph built in 6.458 seconds
For all points: 


Regular range search
251 elements advanced to round two
first round time:0.6241, second_round_time:0.7937
For Beam: 1, Pointwise Recall = 0.8936, Cumulative Recall = 0.992, QPS = 7.24e+05
212 elements advanced to round two
first round time:0.4542, second_round_time:0.4925
For Beam: 2, Pointwise Recall = 0.9469, Cumulative Recall = 0.9966, QPS = 1.092e+06
190 elements advanced to round two
first round time:0.4813, second_round_time:0.4306
For Beam: 3, Pointwise Recall = 0.9616, Cumulative Recall = 0.9974, QPS = 1.018e+06
172 elements advanced to round two
first round time:0.5276, second_round_time:0.4138
For Beam: 4, Pointwise Recall = 0.974, Cumulative Recall = 0.9984, QPS = 1.076e+06
160 elements advanced to round two
first round time:0.5763, second_round_time:0.4119
For Beam: 5, Pointwise Recall = 0.975, Cumulative Recall = 0.9983, QPS = 9.13e+05
135 elements advanced to round two
first round time:0.8035, second_round_time:0.4134
For Beam: 10, Pointwise Recall = 0.9916, Cumulative Recall = 0.9992, QPS = 9.365e+05
103 elements advanced to round two
first round time:1.208, second_round_time:0.4202
For Beam: 20, Pointwise Recall = 0.9959, Cumulative Recall = 0.9997, QPS = 7.23e+05
87 elements advanced to round two
first round time:1.633, second_round_time:0.3856
For Beam: 30, Pointwise Recall = 0.996, Cumulative Recall = 0.9998, QPS = 5.826e+05
71 elements advanced to round two
first round time:2.033, second_round_time:0.3997
For Beam: 40, Pointwise Recall = 0.9995, Cumulative Recall = 0.9998, QPS = 4.792e+05
64 elements advanced to round two
first round time:2.44, second_round_time:0.3961
For Beam: 50, Pointwise Recall = 0.9998, Cumulative Recall = 0.9999, QPS = 4.692e+05
45 elements advanced to round two
first round time:4.514, second_round_time:0.9005
For Beam: 100, Pointwise Recall = 1, Cumulative Recall = 1, QPS = 2.77e+05
28 elements advanced to round two
first round time:8.991, second_round_time:0.2334
For Beam: 200, Pointwise Recall = 1, Cumulative Recall = 1, QPS = 1.396e+05
9 elements advanced to round two
first round time:17.6, second_round_time:0.1505
For Beam: 350, Pointwise Recall = 1, Cumulative Recall = 1, QPS = 7.897e+04
3 elements advanced to round two
first round time:29.55, second_round_time:0.03786
For Beam: 500, Pointwise Recall = 1, Cumulative Recall = 1, QPS = 4.74e+04
0 elements advanced to round two
first round time:94.71, second_round_time:0
For Beam: 1000, Pointwise Recall = 1, Cumulative Recall = 1, QPS = 1.489e+04
Parlay time: 7.7390
