Detected 10000 points with num matches 973
Detected 1000000 points with dimension 96
Detected 10000 points with dimension 96
Building graph...
Pass 10% complete
Pass 20% complete
Pass 30% complete
Pass 40% complete
Pass 50% complete
Pass 60% complete
Pass 70% complete
Pass 80% complete
Pass 90% complete
Pass 100% complete
beam search time: total: 436.5752
bidirect time: total: 4.0793
prune time: total: 109.9464
Average visited: 131, Tail visited: 135
Vamana graph built with 1000000 points and parameters R = 64, L = 128
Graph has average degree 45.89 and maximum degree 64
Graph built in 565.2 seconds
For all points: 


Regular range search
74 elements advanced to round two
For Beam: 1, Pointwise Recall = 0.9529, Cumulative Recall = 0.9918, QPS = 3.486e+04
58 elements advanced to round two
For Beam: 2, Pointwise Recall = 0.9816, Cumulative Recall = 0.9959, QPS = 2.524e+04
47 elements advanced to round two
For Beam: 3, Pointwise Recall = 0.9827, Cumulative Recall = 0.9979, QPS = 2.239e+04
41 elements advanced to round two
For Beam: 4, Pointwise Recall = 0.9827, Cumulative Recall = 0.9979, QPS = 1.944e+04
36 elements advanced to round two
For Beam: 5, Pointwise Recall = 0.9957, Cumulative Recall = 0.999, QPS = 1.774e+04
24 elements advanced to round two
For Beam: 10, Pointwise Recall = 0.9957, Cumulative Recall = 0.999, QPS = 1.265e+04
15 elements advanced to round two
For Beam: 20, Pointwise Recall = 1, Cumulative Recall = 1, QPS = 8336
10 elements advanced to round two
For Beam: 30, Pointwise Recall = 1, Cumulative Recall = 1, QPS = 6316
8 elements advanced to round two
For Beam: 40, Pointwise Recall = 1, Cumulative Recall = 1, QPS = 5068
4 elements advanced to round two
For Beam: 50, Pointwise Recall = 1, Cumulative Recall = 1, QPS = 4266
2 elements advanced to round two
For Beam: 100, Pointwise Recall = 1, Cumulative Recall = 1, QPS = 2448
0 elements advanced to round two
For Beam: 200, Pointwise Recall = 1, Cumulative Recall = 1, QPS = 1318
0 elements advanced to round two
For Beam: 350, Pointwise Recall = 1, Cumulative Recall = 1, QPS = 744.7
0 elements advanced to round two
For Beam: 500, Pointwise Recall = 1, Cumulative Recall = 1, QPS = 493.9
0 elements advanced to round two
For Beam: 1000, Pointwise Recall = 1, Cumulative Recall = 1, QPS = 197
Parlay time: 671.4963
