Detected 10000 points with num matches 973
Detected 1000000 points with dimension 96
Detected 10000 points with dimension 96
Building graph...
Pass 10% complete
Pass 20% complete
Pass 30% complete
Pass 40% complete
Pass 50% complete
Pass 60% complete
Pass 70% complete
Pass 80% complete
Pass 90% complete
Pass 100% complete
beam search time: total: 7.8606
bidirect time: total: 0.6127
prune time: total: 1.9387
Average visited: 131, Tail visited: 135
Vamana graph built with 1000000 points and parameters R = 64, L = 128
Graph has average degree 45.89 and maximum degree 64
Graph built in 10.66 seconds
For all points: 


Regular range search
74 elements advanced to round two
first round time:0.7443, second_round_time:0.0588
For Beam: 1, Pointwise Recall = 0.9529, Cumulative Recall = 0.9918, QPS = 1.58e+06
58 elements advanced to round two
first round time:0.9672, second_round_time:0.05006
For Beam: 2, Pointwise Recall = 0.9816, Cumulative Recall = 0.9959, QPS = 1.283e+06
47 elements advanced to round two
first round time:1.202, second_round_time:0.04737
For Beam: 3, Pointwise Recall = 0.9827, Cumulative Recall = 0.9979, QPS = 1.083e+06
41 elements advanced to round two
first round time:1.381, second_round_time:0.05066
For Beam: 4, Pointwise Recall = 0.9827, Cumulative Recall = 0.9979, QPS = 9.533e+05
36 elements advanced to round two
first round time:1.576, second_round_time:0.03849
For Beam: 5, Pointwise Recall = 0.9957, Cumulative Recall = 0.999, QPS = 8.379e+05
24 elements advanced to round two
first round time:2.278, second_round_time:0.03279
For Beam: 10, Pointwise Recall = 0.9957, Cumulative Recall = 0.999, QPS = 5.696e+05
15 elements advanced to round two
first round time:3.591, second_round_time:0.02727
For Beam: 20, Pointwise Recall = 1, Cumulative Recall = 1, QPS = 3.867e+05
10 elements advanced to round two
first round time:4.857, second_round_time:0.01641
For Beam: 30, Pointwise Recall = 1, Cumulative Recall = 1, QPS = 2.88e+05
8 elements advanced to round two
first round time:6.019, second_round_time:0.01369
For Beam: 40, Pointwise Recall = 1, Cumulative Recall = 1, QPS = 2.329e+05
4 elements advanced to round two
first round time:7.17, second_round_time:0.009754
For Beam: 50, Pointwise Recall = 1, Cumulative Recall = 1, QPS = 1.929e+05
2 elements advanced to round two
first round time:12.46, second_round_time:0.003102
For Beam: 100, Pointwise Recall = 1, Cumulative Recall = 1, QPS = 1.132e+05
0 elements advanced to round two
first round time:22.29, second_round_time:0
For Beam: 200, Pointwise Recall = 1, Cumulative Recall = 1, QPS = 6.342e+04
0 elements advanced to round two
first round time:35.85, second_round_time:0
For Beam: 350, Pointwise Recall = 1, Cumulative Recall = 1, QPS = 3.886e+04
0 elements advanced to round two
first round time:50.65, second_round_time:0
For Beam: 500, Pointwise Recall = 1, Cumulative Recall = 1, QPS = 2.783e+04
0 elements advanced to round two
first round time:119, second_round_time:0
For Beam: 1000, Pointwise Recall = 1, Cumulative Recall = 1, QPS = 1.184e+04
Parlay time: 12.6114
