Detected 10000 points with num matches 973
Detected 1000000 points with dimension 96
Detected 10000 points with dimension 96
Building graph...
Pass 10% complete
Pass 20% complete
Pass 30% complete
Pass 40% complete
Pass 50% complete
Pass 60% complete
Pass 70% complete
Pass 80% complete
Pass 90% complete
Pass 100% complete
beam search time: total: 8.0991
bidirect time: total: 0.6522
prune time: total: 2.1146
Average visited: 131, Tail visited: 135
Vamana graph built with 1000000 points and parameters R = 64, L = 128
Graph has average degree 45.89 and maximum degree 64
Graph built in 11.13 seconds
For all points: 


Regular range search
For Beam: 1, Pointwise Recall = 0.8411, Cumulative Recall = 0.9188, QPS = 1.005e+06
For Beam: 2, Pointwise Recall = 0.9222, Cumulative Recall = 0.9424, QPS = 1.275e+06
For Beam: 3, Pointwise Recall = 0.9495, Cumulative Recall = 0.9599, QPS = 1.102e+06
For Beam: 4, Pointwise Recall = 0.9648, Cumulative Recall = 0.9702, QPS = 9.557e+05
For Beam: 5, Pointwise Recall = 0.984, Cumulative Recall = 0.9764, QPS = 8.675e+05
For Beam: 10, Pointwise Recall = 0.991, Cumulative Recall = 0.9846, QPS = 5.993e+05
For Beam: 20, Pointwise Recall = 0.9985, Cumulative Recall = 0.9949, QPS = 3.851e+05
For Beam: 30, Pointwise Recall = 0.9993, Cumulative Recall = 0.9969, QPS = 2.879e+05
For Beam: 40, Pointwise Recall = 0.9996, Cumulative Recall = 0.9979, QPS = 2.271e+05
For Beam: 50, Pointwise Recall = 0.9996, Cumulative Recall = 0.9979, QPS = 1.953e+05
For Beam: 100, Pointwise Recall = 1, Cumulative Recall = 1, QPS = 1.099e+05
For Beam: 200, Pointwise Recall = 1, Cumulative Recall = 1, QPS = 6.13e+04
For Beam: 350, Pointwise Recall = 1, Cumulative Recall = 1, QPS = 3.673e+04
For Beam: 500, Pointwise Recall = 1, Cumulative Recall = 1, QPS = 2.622e+04
For Beam: 1000, Pointwise Recall = 1, Cumulative Recall = 1, QPS = 1.173e+04
Parlay time: 13.1444
