Detected 10000 points with num matches 15341
Detected 1000000 points with dimension 128
Detected 10000 points with dimension 128
Building graph...
Pass 10% complete
Pass 20% complete
Pass 30% complete
Pass 40% complete
Pass 50% complete
Pass 60% complete
Pass 70% complete
Pass 80% complete
Pass 90% complete
Pass 100% complete
beam search time: total: 3.9583
bidirect time: total: 0.6915
prune time: total: 2.0073
Average visited: 131, Tail visited: 135
Vamana graph built with 1000000 points and parameters R = 64, L = 128
Graph has average degree 48.06 and maximum degree 64
Graph built in 6.864 seconds
For all points:     


Regular range search
For Beam: 1, Pointwise Recall = 0.8168, Cumulative Recall = 0.9771, QPS = 1.15e+06
For Beam: 2, Pointwise Recall = 0.8977, Cumulative Recall = 0.9809, QPS = 2.055e+06
For Beam: 4, Pointwise Recall = 0.9522, Cumulative Recall = 0.9853, QPS = 1.81e+06
For Beam: 8, Pointwise Recall = 0.9776, Cumulative Recall = 0.991, QPS = 1.326e+06
For Beam: 16, Pointwise Recall = 0.9917, Cumulative Recall = 0.9944, QPS = 1.032e+06
For Beam: 32, Pointwise Recall = 0.9946, Cumulative Recall = 0.9969, QPS = 7.08e+05
For Beam: 64, Pointwise Recall = 0.9995, Cumulative Recall = 0.9985, QPS = 4.06e+05
For Beam: 128, Pointwise Recall = 0.9999, Cumulative Recall = 0.9994, QPS = 2.076e+05
For Beam: 256, Pointwise Recall = 1, Cumulative Recall = 0.9999, QPS = 1.062e+05
For Beam: 512, Pointwise Recall = 1, Cumulative Recall = 1, QPS = 4.436e+04
For Beam: 1024, Pointwise Recall = 1, Cumulative Recall = 1, QPS = 1.405e+04
Parlay time: 8.0488
