Detected 1000 points with num matches 754175
Detected 1000000 points with dimension 960
Detected 1000 points with dimension 960
Building graph...
Pass 10% complete
Pass 20% complete
Pass 30% complete
Pass 40% complete
Pass 50% complete
Pass 60% complete
Pass 70% complete
Pass 80% complete
Pass 90% complete
Pass 100% complete
beam search time: total: 162.1589
bidirect time: total: 0.4344
prune time: total: 13.2203
Average visited: 132, Tail visited: 137
Vamana graph built with 1000000 points and parameters R = 64, L = 128
Graph has average degree 29.37 and maximum degree 64
Graph built in 177.1 seconds
For all points: 


Regular range search
For Beam: 1, Pointwise Recall = 0.6324, Cumulative Recall = 0.9985, QPS = 3825
For Beam: 2, Pointwise Recall = 0.7035, Cumulative Recall = 0.9985, QPS = 3925
For Beam: 3, Pointwise Recall = 0.7951, Cumulative Recall = 0.9985, QPS = 4008
For Beam: 4, Pointwise Recall = 0.8208, Cumulative Recall = 0.9985, QPS = 4159
For Beam: 5, Pointwise Recall = 0.8426, Cumulative Recall = 0.9986, QPS = 4125
For Beam: 10, Pointwise Recall = 0.9118, Cumulative Recall = 0.9986, QPS = 3688
For Beam: 20, Pointwise Recall = 0.9408, Cumulative Recall = 0.9986, QPS = 3704
For Beam: 30, Pointwise Recall = 0.9422, Cumulative Recall = 0.9987, QPS = 3308
For Beam: 40, Pointwise Recall = 0.9509, Cumulative Recall = 0.9987, QPS = 2924
For Beam: 50, Pointwise Recall = 0.961, Cumulative Recall = 0.9987, QPS = 3206
For Beam: 100, Pointwise Recall = 0.9713, Cumulative Recall = 0.9988, QPS = 2599
For Beam: 200, Pointwise Recall = 0.9729, Cumulative Recall = 0.9988, QPS = 2112
For Beam: 350, Pointwise Recall = 0.9738, Cumulative Recall = 0.9988, QPS = 1573
For Beam: 500, Pointwise Recall = 0.9742, Cumulative Recall = 0.9989, QPS = 1222
For Beam: 1000, Pointwise Recall = 0.9829, Cumulative Recall = 0.9989, QPS = 913.9
Parlay time: 183.2469
