Detected 1000 points with num matches 754175
Detected 1000000 points with dimension 960
Detected 1000 points with dimension 960
Building graph...
Pass 10% complete
Pass 20% complete
Pass 30% complete
Pass 40% complete
Pass 50% complete
Pass 60% complete
Pass 70% complete
Pass 80% complete
Pass 90% complete
Pass 100% complete
beam search time: total: 162.0821
bidirect time: total: 0.4320
prune time: total: 13.2434
Average visited: 132, Tail visited: 137
Vamana graph built with 1000000 points and parameters R = 64, L = 128
Graph has average degree 29.37 and maximum degree 64
Graph built in 177 seconds
For all points: 


Regular range search
82 elements advanced to round two
For Beam: 1, Pointwise Recall = 0.6692, Cumulative Recall = 0.9988, QPS = 425.1
77 elements advanced to round two
For Beam: 2, Pointwise Recall = 0.7381, Cumulative Recall = 0.9988, QPS = 407.2
73 elements advanced to round two
For Beam: 3, Pointwise Recall = 0.8112, Cumulative Recall = 0.9988, QPS = 398.5
70 elements advanced to round two
For Beam: 4, Pointwise Recall = 0.8353, Cumulative Recall = 0.9988, QPS = 366.4
68 elements advanced to round two
For Beam: 5, Pointwise Recall = 0.8547, Cumulative Recall = 0.9988, QPS = 380.9
63 elements advanced to round two
For Beam: 10, Pointwise Recall = 0.919, Cumulative Recall = 0.9989, QPS = 377.3
59 elements advanced to round two
For Beam: 20, Pointwise Recall = 0.9442, Cumulative Recall = 0.9989, QPS = 269.1
59 elements advanced to round two
For Beam: 30, Pointwise Recall = 0.9445, Cumulative Recall = 0.9989, QPS = 193.7
59 elements advanced to round two
For Beam: 40, Pointwise Recall = 0.9538, Cumulative Recall = 0.999, QPS = 150.3
58 elements advanced to round two
For Beam: 50, Pointwise Recall = 0.9641, Cumulative Recall = 0.999, QPS = 111.2
56 elements advanced to round two
For Beam: 100, Pointwise Recall = 0.9728, Cumulative Recall = 0.9992, QPS = 40.07
53 elements advanced to round two
For Beam: 200, Pointwise Recall = 0.9735, Cumulative Recall = 0.9992, QPS = 41.91
44 elements advanced to round two
For Beam: 350, Pointwise Recall = 0.9741, Cumulative Recall = 0.9992, QPS = 56.46
42 elements advanced to round two
For Beam: 500, Pointwise Recall = 0.9744, Cumulative Recall = 0.9992, QPS = 35.23
40 elements advanced to round two
For Beam: 1000, Pointwise Recall = 0.9831, Cumulative Recall = 0.9992, QPS = 34.69
Parlay time: 340.6294
