Detected 1000 points with num matches 754175
Detected 1000000 points with dimension 960
Detected 1000 points with dimension 960
Building graph...
Pass 10% complete
Pass 20% complete
Pass 30% complete
Pass 40% complete
Pass 50% complete
Pass 60% complete
Pass 70% complete
Pass 80% complete
Pass 90% complete
Pass 100% complete
beam search time: total: 167.6104
bidirect time: total: 0.5537
prune time: total: 14.5026
Average visited: 132, Tail visited: 137
Vamana graph built with 1000000 points and parameters R = 64, L = 128
Graph has average degree 29.37 and maximum degree 64
Graph built in 184 seconds
For all points: 


Regular range search
82 elements advanced to round two
For Beam: 1, Pointwise Recall = 0.6633, Cumulative Recall = 0.9987, QPS = 389.5
77 elements advanced to round two
For Beam: 2, Pointwise Recall = 0.7384, Cumulative Recall = 0.9988, QPS = 360.5
73 elements advanced to round two
For Beam: 3, Pointwise Recall = 0.8172, Cumulative Recall = 0.9988, QPS = 352.2
70 elements advanced to round two
For Beam: 4, Pointwise Recall = 0.8355, Cumulative Recall = 0.9988, QPS = 389.8
68 elements advanced to round two
For Beam: 5, Pointwise Recall = 0.8549, Cumulative Recall = 0.9988, QPS = 365
63 elements advanced to round two
For Beam: 10, Pointwise Recall = 0.919, Cumulative Recall = 0.9989, QPS = 348.9
59 elements advanced to round two
For Beam: 20, Pointwise Recall = 0.9442, Cumulative Recall = 0.9989, QPS = 275
59 elements advanced to round two
For Beam: 30, Pointwise Recall = 0.9446, Cumulative Recall = 0.9989, QPS = 199.2
59 elements advanced to round two
For Beam: 40, Pointwise Recall = 0.9538, Cumulative Recall = 0.999, QPS = 148.5
58 elements advanced to round two
For Beam: 50, Pointwise Recall = 0.9641, Cumulative Recall = 0.999, QPS = 107.7
56 elements advanced to round two
For Beam: 100, Pointwise Recall = 0.9728, Cumulative Recall = 0.9992, QPS = 40.46
53 elements advanced to round two
For Beam: 200, Pointwise Recall = 0.9735, Cumulative Recall = 0.9992, QPS = 37.61
44 elements advanced to round two
For Beam: 350, Pointwise Recall = 0.9741, Cumulative Recall = 0.9992, QPS = 50.13
42 elements advanced to round two
For Beam: 500, Pointwise Recall = 0.9744, Cumulative Recall = 0.9992, QPS = 32.91
40 elements advanced to round two
For Beam: 1000, Pointwise Recall = 0.9831, Cumulative Recall = 0.9992, QPS = 33.02
Parlay time: 356.9664
