Detected 1000 points with num matches 754175
Detected 1000000 points with dimension 960
Detected 1000 points with dimension 960
Building graph...
Pass 10% complete
Pass 20% complete
Pass 30% complete
Pass 40% complete
Pass 50% complete
Pass 60% complete
Pass 70% complete
Pass 80% complete
Pass 90% complete
Pass 100% complete
beam search time: total: 162.8774
bidirect time: total: 0.3811
prune time: total: 13.1525
Average visited: 132, Tail visited: 137
Vamana graph built with 1000000 points and parameters R = 64, L = 128
Graph has average degree 29.37 and maximum degree 64
Graph built in 177.7 seconds
For all points: 


Regular range search
82 elements advanced to round two
first round time:8.705, second_round_time:1259
For Beam: 1, Pointwise Recall = 0.6692, Cumulative Recall = 0.9988, QPS = 390
77 elements advanced to round two
first round time:9.171, second_round_time:1248
For Beam: 2, Pointwise Recall = 0.7381, Cumulative Recall = 0.9988, QPS = 409.1
73 elements advanced to round two
first round time:9.386, second_round_time:1228
For Beam: 3, Pointwise Recall = 0.8112, Cumulative Recall = 0.9988, QPS = 436.9
70 elements advanced to round two
first round time:9.664, second_round_time:1227
For Beam: 4, Pointwise Recall = 0.8353, Cumulative Recall = 0.9988, QPS = 423.2
68 elements advanced to round two
first round time:10.4, second_round_time:1258
For Beam: 5, Pointwise Recall = 0.8547, Cumulative Recall = 0.9988, QPS = 400.7
63 elements advanced to round two
first round time:12.04, second_round_time:1332
For Beam: 10, Pointwise Recall = 0.919, Cumulative Recall = 0.9989, QPS = 367.7
59 elements advanced to round two
first round time:14.1, second_round_time:1290
For Beam: 20, Pointwise Recall = 0.9442, Cumulative Recall = 0.9989, QPS = 301.4
59 elements advanced to round two
first round time:16.86, second_round_time:1399
For Beam: 30, Pointwise Recall = 0.9445, Cumulative Recall = 0.9989, QPS = 226.5
59 elements advanced to round two
first round time:18.73, second_round_time:1440
For Beam: 40, Pointwise Recall = 0.9538, Cumulative Recall = 0.999, QPS = 167.5
58 elements advanced to round two
first round time:21.43, second_round_time:1511
For Beam: 50, Pointwise Recall = 0.9641, Cumulative Recall = 0.999, QPS = 121.3
56 elements advanced to round two
first round time:30.07, second_round_time:1582
For Beam: 100, Pointwise Recall = 0.9728, Cumulative Recall = 0.9992, QPS = 54.42
53 elements advanced to round two
first round time:47.21, second_round_time:1347
For Beam: 200, Pointwise Recall = 0.9735, Cumulative Recall = 0.9992, QPS = 55.54
44 elements advanced to round two
first round time:66.5, second_round_time:1160
For Beam: 350, Pointwise Recall = 0.9741, Cumulative Recall = 0.9992, QPS = 66.56
42 elements advanced to round two
first round time:84.7, second_round_time:1078
For Beam: 500, Pointwise Recall = 0.9744, Cumulative Recall = 0.9992, QPS = 38.97
40 elements advanced to round two
first round time:146.9, second_round_time:947.9
For Beam: 1000, Pointwise Recall = 0.9831, Cumulative Recall = 0.9992, QPS = 40.31
Parlay time: 316.3543
