Detected 1000 points with num matches 754175
Detected 1000000 points with dimension 960
Detected 1000 points with dimension 960
Building graph...
Pass 10% complete
Pass 20% complete
Pass 30% complete
Pass 40% complete
Pass 50% complete
Pass 60% complete
Pass 70% complete
Pass 80% complete
Pass 90% complete
Pass 100% complete
beam search time: total: 164.4140
bidirect time: total: 0.3912
prune time: total: 13.0677
Average visited: 132, Tail visited: 137
Vamana graph built with 1000000 points and parameters R = 64, L = 128
Graph has average degree 29.37 and maximum degree 64
Graph built in 179.1 seconds
For all points: 


Regular range search
82 elements advanced to round two
first round time:7.49, second_round_time:39.79
For Beam: 1, Pointwise Recall = 0.6587, Cumulative Recall = 0.9986, QPS = 1529
77 elements advanced to round two
first round time:7.948, second_round_time:39.23
For Beam: 2, Pointwise Recall = 0.734, Cumulative Recall = 0.9987, QPS = 1589
73 elements advanced to round two
first round time:8.11, second_round_time:38.21
For Beam: 3, Pointwise Recall = 0.8076, Cumulative Recall = 0.9987, QPS = 1497
70 elements advanced to round two
first round time:8.597, second_round_time:38.58
For Beam: 4, Pointwise Recall = 0.8334, Cumulative Recall = 0.9987, QPS = 1445
68 elements advanced to round two
first round time:9.039, second_round_time:39.81
For Beam: 5, Pointwise Recall = 0.852, Cumulative Recall = 0.9987, QPS = 1449
63 elements advanced to round two
first round time:10.83, second_round_time:42.21
For Beam: 10, Pointwise Recall = 0.9167, Cumulative Recall = 0.9988, QPS = 1342
59 elements advanced to round two
first round time:13.46, second_round_time:42.37
For Beam: 20, Pointwise Recall = 0.943, Cumulative Recall = 0.9988, QPS = 1502
59 elements advanced to round two
first round time:15.61, second_round_time:43.15
For Beam: 30, Pointwise Recall = 0.9438, Cumulative Recall = 0.9988, QPS = 1344
59 elements advanced to round two
first round time:18.36, second_round_time:47.36
For Beam: 40, Pointwise Recall = 0.9532, Cumulative Recall = 0.9988, QPS = 1269
58 elements advanced to round two
first round time:21.02, second_round_time:49.33
For Beam: 50, Pointwise Recall = 0.9635, Cumulative Recall = 0.9989, QPS = 1332
56 elements advanced to round two
first round time:30.99, second_round_time:55.15
For Beam: 100, Pointwise Recall = 0.9726, Cumulative Recall = 0.9989, QPS = 1040
53 elements advanced to round two
first round time:46.86, second_round_time:57.11
For Beam: 200, Pointwise Recall = 0.9733, Cumulative Recall = 0.9989, QPS = 975
44 elements advanced to round two
first round time:67.58, second_round_time:61.55
For Beam: 350, Pointwise Recall = 0.9739, Cumulative Recall = 0.9989, QPS = 901.6
42 elements advanced to round two
first round time:85.19, second_round_time:68.57
For Beam: 500, Pointwise Recall = 0.9743, Cumulative Recall = 0.9989, QPS = 801.1
40 elements advanced to round two
first round time:134.2, second_round_time:88.45
For Beam: 1000, Pointwise Recall = 0.983, Cumulative Recall = 0.9989, QPS = 432.8
Parlay time: 192.8196
