Detected 100000 points with num matches 8888
Detected 1000000 points with dimension 100
Aligning dimension to 112
Detected 100000 points with dimension 100
Aligning dimension to 112
Building graph...
Pass 10% complete
Pass 20% complete
Pass 30% complete
Pass 40% complete
Pass 50% complete
Pass 60% complete
Pass 70% complete
Pass 80% complete
Pass 90% complete
Pass 100% complete
beam search time: total: 15.5911
bidirect time: total: 0.6094
prune time: total: 10.2069
Average visited: 132, Tail visited: 143
Vamana graph built with 1000000 points and parameters R = 64, L = 128
Graph has average degree 59.87 and maximum degree 64
Graph built in 26.72 seconds
For all points: 


Regular range search
1379 elements advanced to round two
first round time:6.986, second_round_time:0.7283
For Beam: 1, Pointwise Recall = 0.5515, Cumulative Recall = 0.8396, QPS = 1.783e+06
473 elements advanced to round two
first round time:12.6, second_round_time:0.5314
For Beam: 2, Pointwise Recall = 0.7819, Cumulative Recall = 0.925, QPS = 1.083e+06
225 elements advanced to round two
first round time:17.11, second_round_time:0.4587
For Beam: 3, Pointwise Recall = 0.8763, Cumulative Recall = 0.9562, QPS = 8.109e+05
131 elements advanced to round two
first round time:20.44, second_round_time:0.4246
For Beam: 4, Pointwise Recall = 0.9186, Cumulative Recall = 0.971, QPS = 6.803e+05
96 elements advanced to round two
first round time:23.56, second_round_time:0.3939
For Beam: 5, Pointwise Recall = 0.9432, Cumulative Recall = 0.9777, QPS = 5.92e+05
45 elements advanced to round two
first round time:36.53, second_round_time:0.372
For Beam: 10, Pointwise Recall = 0.9817, Cumulative Recall = 0.9921, QPS = 3.871e+05
28 elements advanced to round two
first round time:59.55, second_round_time:0.3564
For Beam: 20, Pointwise Recall = 0.9927, Cumulative Recall = 0.9955, QPS = 2.386e+05
27 elements advanced to round two
first round time:81.21, second_round_time:0.38
For Beam: 30, Pointwise Recall = 0.9964, Cumulative Recall = 0.9967, QPS = 1.756e+05
24 elements advanced to round two
first round time:104.6, second_round_time:0.3807
For Beam: 40, Pointwise Recall = 0.9972, Cumulative Recall = 0.997, QPS = 1.365e+05
24 elements advanced to round two
first round time:125.5, second_round_time:0.3941
For Beam: 50, Pointwise Recall = 0.9972, Cumulative Recall = 0.997, QPS = 1.139e+05
21 elements advanced to round two
first round time:230.5, second_round_time:0.2508
For Beam: 100, Pointwise Recall = 0.9992, Cumulative Recall = 0.9989, QPS = 6.204e+04
5 elements advanced to round two
first round time:446.3, second_round_time:0.2775
For Beam: 200, Pointwise Recall = 0.9996, Cumulative Recall = 0.9992, QPS = 3.21e+04
3 elements advanced to round two
first round time:784.6, second_round_time:0.1289
For Beam: 350, Pointwise Recall = 0.9996, Cumulative Recall = 0.9992, QPS = 1.827e+04
1 elements advanced to round two
first round time:1127, second_round_time:0.02391
For Beam: 500, Pointwise Recall = 0.9996, Cumulative Recall = 0.9992, QPS = 1.273e+04
0 elements advanced to round two
first round time:2407, second_round_time:0
For Beam: 1000, Pointwise Recall = 1, Cumulative Recall = 0.9993, QPS = 5960
Parlay time: 65.0898
