Detected 100000 points with num matches 8888
Detected 1000000 points with dimension 100
Aligning dimension to 112
Detected 100000 points with dimension 100
Aligning dimension to 112
Building graph...
Pass 10% complete
Pass 20% complete
Pass 30% complete
Pass 40% complete
Pass 50% complete
Pass 60% complete
Pass 70% complete
Pass 80% complete
Pass 90% complete
Pass 100% complete
beam search time: total: 15.9483
bidirect time: total: 0.6463
prune time: total: 10.2766
Average visited: 132, Tail visited: 143
Vamana graph built with 1000000 points and parameters R = 64, L = 128
Graph has average degree 59.87 and maximum degree 64
Graph built in 27.19 seconds
For all points: 


Regular range search
For Beam: 1, Pointwise Recall = 0.5214, Cumulative Recall = 0.8066, QPS = 1.75e+06
For Beam: 2, Pointwise Recall = 0.7723, Cumulative Recall = 0.9029, QPS = 1.067e+06
For Beam: 3, Pointwise Recall = 0.8723, Cumulative Recall = 0.9422, QPS = 8.131e+05
For Beam: 4, Pointwise Recall = 0.9164, Cumulative Recall = 0.9595, QPS = 6.67e+05
For Beam: 5, Pointwise Recall = 0.942, Cumulative Recall = 0.9692, QPS = 5.864e+05
For Beam: 10, Pointwise Recall = 0.9814, Cumulative Recall = 0.9867, QPS = 3.789e+05
For Beam: 20, Pointwise Recall = 0.9926, Cumulative Recall = 0.9912, QPS = 2.358e+05
For Beam: 30, Pointwise Recall = 0.9963, Cumulative Recall = 0.9928, QPS = 1.743e+05
For Beam: 40, Pointwise Recall = 0.9971, Cumulative Recall = 0.9937, QPS = 1.392e+05
For Beam: 50, Pointwise Recall = 0.9971, Cumulative Recall = 0.9947, QPS = 1.156e+05
For Beam: 100, Pointwise Recall = 0.9991, Cumulative Recall = 0.9967, QPS = 6.3e+04
For Beam: 200, Pointwise Recall = 0.9996, Cumulative Recall = 0.9989, QPS = 3.256e+04
For Beam: 350, Pointwise Recall = 0.9996, Cumulative Recall = 0.9991, QPS = 1.869e+04
For Beam: 500, Pointwise Recall = 0.9996, Cumulative Recall = 0.9992, QPS = 1.309e+04
For Beam: 1000, Pointwise Recall = 1, Cumulative Recall = 0.9993, QPS = 6069
Parlay time: 64.8285
