Detected 100000 points with num matches 8888
Detected 1000000 points with dimension 100
Aligning dimension to 112
Detected 100000 points with dimension 100
Aligning dimension to 112
Building graph...
Pass 10% complete
Pass 20% complete
Pass 30% complete
Pass 40% complete
Pass 50% complete
Pass 60% complete
Pass 70% complete
Pass 80% complete
Pass 90% complete
Pass 100% complete
beam search time: total: 759.0422
bidirect time: total: 6.8950
prune time: total: 717.5916
Average visited: 132, Tail visited: 143
Vamana graph built with 1000000 points and parameters R = 64, L = 128
Graph has average degree 59.87 and maximum degree 64
Graph built in 1504 seconds
For all points: 


Regular range search
1379 elements advanced to round two
For Beam: 1, Pointwise Recall = 0.5525, Cumulative Recall = 0.8425, QPS = 3.491e+04
473 elements advanced to round two
For Beam: 2, Pointwise Recall = 0.782, Cumulative Recall = 0.9252, QPS = 2.23e+04
225 elements advanced to round two
For Beam: 3, Pointwise Recall = 0.8763, Cumulative Recall = 0.9569, QPS = 1.744e+04
131 elements advanced to round two
For Beam: 4, Pointwise Recall = 0.9186, Cumulative Recall = 0.971, QPS = 1.479e+04
96 elements advanced to round two
For Beam: 5, Pointwise Recall = 0.9432, Cumulative Recall = 0.9779, QPS = 1.296e+04
45 elements advanced to round two
For Beam: 10, Pointwise Recall = 0.9817, Cumulative Recall = 0.9922, QPS = 8518
28 elements advanced to round two
For Beam: 20, Pointwise Recall = 0.9927, Cumulative Recall = 0.9956, QPS = 5379
27 elements advanced to round two
For Beam: 30, Pointwise Recall = 0.9964, Cumulative Recall = 0.9967, QPS = 4003
24 elements advanced to round two
For Beam: 40, Pointwise Recall = 0.9972, Cumulative Recall = 0.9971, QPS = 3197
24 elements advanced to round two
For Beam: 50, Pointwise Recall = 0.9972, Cumulative Recall = 0.9971, QPS = 2668
21 elements advanced to round two
For Beam: 100, Pointwise Recall = 0.9992, Cumulative Recall = 0.9989, QPS = 1481
5 elements advanced to round two
For Beam: 200, Pointwise Recall = 0.9996, Cumulative Recall = 0.9992, QPS = 768.6
3 elements advanced to round two
For Beam: 350, Pointwise Recall = 0.9996, Cumulative Recall = 0.9992, QPS = 432.4
1 elements advanced to round two
For Beam: 500, Pointwise Recall = 0.9996, Cumulative Recall = 0.9992, QPS = 294.4
0 elements advanced to round two
For Beam: 1000, Pointwise Recall = 1, Cumulative Recall = 0.9993, QPS = 126.7
Parlay time: 3213.3018
