Detected 100000 points with num matches 7731
Detected 1000000 points with dimension 256
Detected 100000 points with dimension 256
Building graph...
Pass 10% complete
Pass 20% complete
Pass 30% complete
Pass 40% complete
Pass 50% complete
Pass 60% complete
Pass 70% complete
Pass 80% complete
Pass 90% complete
Pass 100% complete
beam search time: total: 9.6698
bidirect time: total: 0.4719
prune time: total: 2.7492
Average visited: 135, Tail visited: 164
Vamana graph built with 1000000 points and parameters R = 64, L = 128
Graph has average degree 36.39 and maximum degree 64
Graph built in 13.12 seconds
For all points: 


Regular range search
222 elements advanced to round two
first round time:2.533, second_round_time:0.5886
For Beam: 1, Pointwise Recall = 0.0839, Cumulative Recall = 0.1612, QPS = 4.679e+06
232 elements advanced to round two
first round time:3.832, second_round_time:0.5617
For Beam: 2, Pointwise Recall = 0.1443, Cumulative Recall = 0.2694, QPS = 3.333e+06
231 elements advanced to round two
first round time:5.348, second_round_time:0.4754
For Beam: 3, Pointwise Recall = 0.1913, Cumulative Recall = 0.3395, QPS = 2.498e+06
207 elements advanced to round two
first round time:6.813, second_round_time:0.4168
For Beam: 4, Pointwise Recall = 0.2311, Cumulative Recall = 0.3958, QPS = 1.972e+06
191 elements advanced to round two
first round time:8.252, second_round_time:0.3874
For Beam: 5, Pointwise Recall = 0.2609, Cumulative Recall = 0.4391, QPS = 1.652e+06
146 elements advanced to round two
first round time:15.07, second_round_time:0.207
For Beam: 10, Pointwise Recall = 0.3695, Cumulative Recall = 0.6051, QPS = 9.301e+05
55 elements advanced to round two
first round time:28.72, second_round_time:0.06208
For Beam: 20, Pointwise Recall = 0.4955, Cumulative Recall = 0.7254, QPS = 4.923e+05
21 elements advanced to round two
first round time:42.39, second_round_time:0.02362
For Beam: 30, Pointwise Recall = 0.5725, Cumulative Recall = 0.7826, QPS = 3.358e+05
3 elements advanced to round two
first round time:56.59, second_round_time:0.004895
For Beam: 40, Pointwise Recall = 0.6266, Cumulative Recall = 0.8152, QPS = 2.52e+05
2 elements advanced to round two
first round time:70.97, second_round_time:0.005682
For Beam: 50, Pointwise Recall = 0.6683, Cumulative Recall = 0.8386, QPS = 2.01e+05
0 elements advanced to round two
first round time:145, second_round_time:0
For Beam: 100, Pointwise Recall = 0.7845, Cumulative Recall = 0.9003, QPS = 9.867e+04
0 elements advanced to round two
first round time:304.4, second_round_time:0
For Beam: 200, Pointwise Recall = 0.8726, Cumulative Recall = 0.9423, QPS = 4.703e+04
0 elements advanced to round two
first round time:573.1, second_round_time:0
For Beam: 350, Pointwise Recall = 0.9243, Cumulative Recall = 0.9662, QPS = 2.503e+04
0 elements advanced to round two
first round time:895.1, second_round_time:0
For Beam: 500, Pointwise Recall = 0.9427, Cumulative Recall = 0.9744, QPS = 1.602e+04
0 elements advanced to round two
first round time:1999, second_round_time:0
For Beam: 1000, Pointwise Recall = 0.9713, Cumulative Recall = 0.9871, QPS = 7177
Parlay time: 42.2000
