Detected 100000 points with num matches 7731
Detected 1000000 points with dimension 256
Detected 100000 points with dimension 256
Building graph...
Pass 10% complete
Pass 20% complete
Pass 30% complete
Pass 40% complete
Pass 50% complete
Pass 60% complete
Pass 70% complete
Pass 80% complete
Pass 90% complete
Pass 100% complete
beam search time: total: 7.8839
bidirect time: total: 0.5163
prune time: total: 2.6653
Average visited: 135, Tail visited: 164
Vamana graph built with 1000000 points and parameters R = 64, L = 128
Graph has average degree 36.39 and maximum degree 64
Graph built in 11.29 seconds
For all points: 


Regular range search
For Beam: 1, Pointwise Recall = 0.07117, Cumulative Recall = 0.1363, QPS = 3.988e+06
For Beam: 2, Pointwise Recall = 0.1341, Cumulative Recall = 0.2379, QPS = 3.272e+06
For Beam: 3, Pointwise Recall = 0.1837, Cumulative Recall = 0.3119, QPS = 2.65e+06
For Beam: 4, Pointwise Recall = 0.2252, Cumulative Recall = 0.3705, QPS = 2.195e+06
For Beam: 5, Pointwise Recall = 0.2565, Cumulative Recall = 0.4179, QPS = 1.864e+06
For Beam: 10, Pointwise Recall = 0.3682, Cumulative Recall = 0.5953, QPS = 1.119e+06
For Beam: 20, Pointwise Recall = 0.4953, Cumulative Recall = 0.7235, QPS = 6.368e+05
For Beam: 30, Pointwise Recall = 0.5725, Cumulative Recall = 0.7823, QPS = 4.475e+05
For Beam: 40, Pointwise Recall = 0.6266, Cumulative Recall = 0.8152, QPS = 3.443e+05
For Beam: 50, Pointwise Recall = 0.6683, Cumulative Recall = 0.8386, QPS = 2.754e+05
For Beam: 100, Pointwise Recall = 0.7845, Cumulative Recall = 0.9003, QPS = 1.328e+05
For Beam: 200, Pointwise Recall = 0.8726, Cumulative Recall = 0.9423, QPS = 6.69e+04
For Beam: 350, Pointwise Recall = 0.9243, Cumulative Recall = 0.9662, QPS = 3.564e+04
For Beam: 500, Pointwise Recall = 0.9427, Cumulative Recall = 0.9744, QPS = 2.281e+04
For Beam: 1000, Pointwise Recall = 0.9713, Cumulative Recall = 0.9871, QPS = 8630
Parlay time: 33.7066
