Detected 100000 points with num matches 7731
Detected 1000000 points with dimension 256
Detected 100000 points with dimension 256
Building graph...
Pass 10% complete
Pass 20% complete
Pass 30% complete
Pass 40% complete
Pass 50% complete
Pass 60% complete
Pass 70% complete
Pass 80% complete
Pass 90% complete
Pass 100% complete
beam search time: total: 605.7775
bidirect time: total: 3.5178
prune time: total: 233.2851
Average visited: 135, Tail visited: 164
Vamana graph built with 1000000 points and parameters R = 64, L = 128
Graph has average degree 36.39 and maximum degree 64
Graph built in 858.7 seconds
For all points: 


Regular range search
222 elements advanced to round two
For Beam: 1, Pointwise Recall = 0.08466, Cumulative Recall = 0.1619, QPS = 6.6e+04
232 elements advanced to round two
For Beam: 2, Pointwise Recall = 0.1441, Cumulative Recall = 0.2692, QPS = 4.284e+04
231 elements advanced to round two
For Beam: 3, Pointwise Recall = 0.1913, Cumulative Recall = 0.3395, QPS = 3.308e+04
207 elements advanced to round two
For Beam: 4, Pointwise Recall = 0.2311, Cumulative Recall = 0.3958, QPS = 2.758e+04
191 elements advanced to round two
For Beam: 5, Pointwise Recall = 0.2609, Cumulative Recall = 0.4391, QPS = 2.371e+04
146 elements advanced to round two
For Beam: 10, Pointwise Recall = 0.3695, Cumulative Recall = 0.6051, QPS = 1.446e+04
55 elements advanced to round two
For Beam: 20, Pointwise Recall = 0.4955, Cumulative Recall = 0.7254, QPS = 8440
21 elements advanced to round two
For Beam: 30, Pointwise Recall = 0.5725, Cumulative Recall = 0.7826, QPS = 6027
3 elements advanced to round two
For Beam: 40, Pointwise Recall = 0.6266, Cumulative Recall = 0.8152, QPS = 4695
2 elements advanced to round two
For Beam: 50, Pointwise Recall = 0.6683, Cumulative Recall = 0.8386, QPS = 3848
0 elements advanced to round two
For Beam: 100, Pointwise Recall = 0.7845, Cumulative Recall = 0.9003, QPS = 2031
0 elements advanced to round two
For Beam: 200, Pointwise Recall = 0.8726, Cumulative Recall = 0.9423, QPS = 1005
0 elements advanced to round two
For Beam: 350, Pointwise Recall = 0.9243, Cumulative Recall = 0.9662, QPS = 538.3
0 elements advanced to round two
For Beam: 500, Pointwise Recall = 0.9427, Cumulative Recall = 0.9744, QPS = 352.6
0 elements advanced to round two
For Beam: 1000, Pointwise Recall = 0.9713, Cumulative Recall = 0.9871, QPS = 141.9
Parlay time: 2279.0709
